Using pre-set license
Built from '2020.3/staging' branch; Version is '2020.3.5f1 (8095aa901b9b) revision 8426922'; Using compiler version '192528614'; Build Type 'Release'
OS: 'Windows 10 Home; OS build 19042.1052; Version 2009; 64bit' Language: 'en' Physical Memory: 3500 MB
BatchMode: 1, IsHumanControllingUs: 0, StartBugReporterOnCrash: 0, Is64bit: 1, IsPro: 0

 COMMAND LINE ARGUMENTS:
C:\Program Files\Unity\Hub\Editor\2020.3.5f1\Editor\Unity.exe
-adb2
-batchMode
-noUpm
-name
AssetImportWorker2
-projectPath
D:/My project/Kawanan Platformer
-logFile
Logs/AssetImportWorker2.log
-srvPort
64733
Successfully changed project path to: D:/My project/Kawanan Platformer
D:/My project/Kawanan Platformer
Using Asset Import Pipeline V2.
Refreshing native plugins compatible for Editor in 74.27 ms, found 1 plugins.
Preloading 0 native plugins for Editor in 0.00 ms.
Initialize engine version: 2020.3.5f1 (8095aa901b9b)
[Subsystems] Discovering subsystems at path C:/Program Files/Unity/Hub/Editor/2020.3.5f1/Editor/Data/Resources/UnitySubsystems
[Subsystems] Discovering subsystems at path D:/My project/Kawanan Platformer/Assets
GfxDevice: creating device client; threaded=0
Direct3D:
    Version:  Direct3D 11.0 [level 11.1]
    Renderer: AMD Radeon(TM) Vega 3 Graphics (ID=0x15d8)
    Vendor:   
    VRAM:     1750 MB
    Driver:   31.0.12027.7000
Initialize mono
Mono path[0] = 'C:/Program Files/Unity/Hub/Editor/2020.3.5f1/Editor/Data/Managed'
Mono path[1] = 'C:/Program Files/Unity/Hub/Editor/2020.3.5f1/Editor/Data/MonoBleedingEdge/lib/mono/unityjit'
Mono config path = 'C:/Program Files/Unity/Hub/Editor/2020.3.5f1/Editor/Data/MonoBleedingEdge/etc'
Using monoOptions --debugger-agent=transport=dt_socket,embedding=1,server=y,suspend=n,address=127.0.0.1:56376
Begin MonoManager ReloadAssembly
Registering precompiled unity dll's ...
Register platform support module: C:/Program Files/Unity/Hub/Editor/2020.3.5f1/Editor/Data/PlaybackEngines/WebGLSupport/UnityEditor.WebGL.Extensions.dll
Register platform support module: C:/Program Files/Unity/Hub/Editor/2020.3.5f1/Editor/Data/PlaybackEngines/WindowsStandaloneSupport/UnityEditor.WindowsStandalone.Extensions.dll
Registered in 0.006694 seconds.
Native extension for WindowsStandalone target not found
Native extension for WebGL target not found
Refreshing native plugins compatible for Editor in 71.05 ms, found 1 plugins.
Preloading 0 native plugins for Editor in 0.00 ms.
Mono: successfully reloaded assembly
- Completed reload, in  3.081 seconds
Platform modules already initialized, skipping
Registering precompiled user dll's ...
Registered in 0.002175 seconds.
Begin MonoManager ReloadAssembly
Native extension for WindowsStandalone target not found
Native extension for WebGL target not found
Refreshing native plugins compatible for Editor in 71.55 ms, found 1 plugins.
Preloading 0 native plugins for Editor in 0.00 ms.
Mono: successfully reloaded assembly
- Completed reload, in  2.625 seconds
Platform modules already initialized, skipping
========================================================================
Worker process is ready to serve import requests
Launched and connected shader compiler UnityShaderCompiler.exe after 0.16 seconds
Refreshing native plugins compatible for Editor in 0.82 ms, found 1 plugins.
Preloading 0 native plugins for Editor in 0.00 ms.
Unloading 1808 Unused Serialized files (Serialized files now loaded: 0)
System memory in use before: 85.0 MB.
System memory in use after: 84.9 MB.

Unloading 24 unused Assets to reduce memory usage. Loaded Objects now: 2250.
Total: 13.477100 ms (FindLiveObjects: 0.586000 ms CreateObjectMapping: 0.219200 ms MarkObjects: 11.868300 ms  DeleteObjects: 0.799500 ms)

========================================================================
Received Import Request.
  path: Assets/Sunnyland
  artifactKey: Guid(7359cf826688aed44afcda2675fa2d6b) Importer(815301076,1909f56bfc062723c751e8b465ee728b)
Start importing Assets/Sunnyland using Guid(7359cf826688aed44afcda2675fa2d6b) Importer(815301076,1909f56bfc062723c751e8b465ee728b)  -> (artifact id: 'a0d98c0b2ef4a796e51eb3463e6fa32b') in 0.050979 seconds
  Import took 0.058602 seconds .

========================================================================
Received Import Request.
  Time since last request: 42.374624 seconds.
  path: Assets/Sunnyland/Scenes
  artifactKey: Guid(5067ec585fac34dd6937038f96d8136d) Importer(815301076,1909f56bfc062723c751e8b465ee728b)
Start importing Assets/Sunnyland/Scenes using Guid(5067ec585fac34dd6937038f96d8136d) Importer(815301076,1909f56bfc062723c751e8b465ee728b)  -> (artifact id: '7891d63d70e309c49462b35db8f47ddd') in 0.058308 seconds
  Import took 0.065348 seconds .

========================================================================
Received Import Request.
  Time since last request: 11.022736 seconds.
  path: Assets/Sunnyland/artwork
  artifactKey: Guid(2f17d1e6a207e4d8eb72bd03b1b645ac) Importer(815301076,1909f56bfc062723c751e8b465ee728b)
Start importing Assets/Sunnyland/artwork using Guid(2f17d1e6a207e4d8eb72bd03b1b645ac) Importer(815301076,1909f56bfc062723c751e8b465ee728b)  -> (artifact id: '58b4ebce217f6a174d057424efa84637') in 0.049758 seconds
  Import took 0.056617 seconds .

========================================================================
Received Import Request.
  Time since last request: 1.383396 seconds.
  path: Assets/Sunnyland/artwork/Environment
  artifactKey: Guid(7174750bdca91466fa784bba50da49b4) Importer(815301076,1909f56bfc062723c751e8b465ee728b)
Start importing Assets/Sunnyland/artwork/Environment using Guid(7174750bdca91466fa784bba50da49b4) Importer(815301076,1909f56bfc062723c751e8b465ee728b)  -> (artifact id: '40da2b57a3ad79bc72dcc5dce35b1759') in 0.046429 seconds
  Import took 0.052789 seconds .

========================================================================
Received Import Request.
  Time since last request: 0.045626 seconds.
  path: Assets/Sunnyland/artwork/Environment/back.png
  artifactKey: Guid(8e160a2a620644cd6afef9119dad1093) Importer(815301076,1909f56bfc062723c751e8b465ee728b)
Start importing Assets/Sunnyland/artwork/Environment/back.png using Guid(8e160a2a620644cd6afef9119dad1093) Importer(815301076,1909f56bfc062723c751e8b465ee728b)  -> (artifact id: 'fda611095d56435436bcf57a02f4ef65') in 0.308908 seconds
  Import took 0.316844 seconds .

========================================================================
Received Import Request.
  Time since last request: 0.000579 seconds.
  path: Assets/Sunnyland/artwork/Environment/tileset-sliced_29.asset
  artifactKey: Guid(7f8283af3b7306040b283a9ac59bec58) Importer(815301076,1909f56bfc062723c751e8b465ee728b)
Start importing Assets/Sunnyland/artwork/Environment/tileset-sliced_29.asset using Guid(7f8283af3b7306040b283a9ac59bec58) Importer(815301076,1909f56bfc062723c751e8b465ee728b)  -> (artifact id: '6e02d15a7bdc65e1bd932aee66c659fe') in 0.196947 seconds
  Import took 0.205787 seconds .

========================================================================
Received Import Request.
  Time since last request: 0.000387 seconds.
  path: Assets/Sunnyland/artwork/Environment/tileset-sliced_5.asset
  artifactKey: Guid(e98fb1dc85c7dbf45869147be0e50ae7) Importer(815301076,1909f56bfc062723c751e8b465ee728b)
Start importing Assets/Sunnyland/artwork/Environment/tileset-sliced_5.asset using Guid(e98fb1dc85c7dbf45869147be0e50ae7) Importer(815301076,1909f56bfc062723c751e8b465ee728b)  -> (artifact id: '74e53ef6ecfc108247f6a35a869bb2ea') in 0.106911 seconds
  Import took 0.115816 seconds .

========================================================================
Received Import Request.
  Time since last request: 0.000380 seconds.
  path: Assets/Sunnyland/artwork/Environment/tileset-sliced_32.asset
  artifactKey: Guid(7c02cd49831889745b8ea98a0fda8ef4) Importer(815301076,1909f56bfc062723c751e8b465ee728b)
Start importing Assets/Sunnyland/artwork/Environment/tileset-sliced_32.asset using Guid(7c02cd49831889745b8ea98a0fda8ef4) Importer(815301076,1909f56bfc062723c751e8b465ee728b)  -> (artifact id: 'c5508bee57a9e8ac3918a60b2d6aac16') in 0.092067 seconds
  Import took 0.097860 seconds .

========================================================================
Received Import Request.
  Time since last request: 0.000379 seconds.
  path: Assets/Sunnyland/artwork/Environment/tileset-sliced_12.asset
  artifactKey: Guid(0872ef3a9db4fb546b70ed5101f2a421) Importer(815301076,1909f56bfc062723c751e8b465ee728b)
Start importing Assets/Sunnyland/artwork/Environment/tileset-sliced_12.asset using Guid(0872ef3a9db4fb546b70ed5101f2a421) Importer(815301076,1909f56bfc062723c751e8b465ee728b)  -> (artifact id: '8fc7c545dc428b0398c24270877ecd44') in 0.090188 seconds
  Import took 0.099579 seconds .

========================================================================
Received Import Request.
  Time since last request: 0.000717 seconds.
  path: Assets/Sunnyland/artwork/Environment/tileset-sliced_36.asset
  artifactKey: Guid(3b78cd804d49fe645951ac0bd3c1ceae) Importer(815301076,1909f56bfc062723c751e8b465ee728b)
Start importing Assets/Sunnyland/artwork/Environment/tileset-sliced_36.asset using Guid(3b78cd804d49fe645951ac0bd3c1ceae) Importer(815301076,1909f56bfc062723c751e8b465ee728b)  -> (artifact id: '68305552adec2917026f15fac9e8e452') in 0.075020 seconds
  Import took 0.080847 seconds .

========================================================================
Received Import Request.
  Time since last request: 0.000387 seconds.
  path: Assets/Sunnyland/artwork/Environment/tileset-sliced_25.asset
  artifactKey: Guid(463c9aa0e21ec0848bc3b01c9c6ea00c) Importer(815301076,1909f56bfc062723c751e8b465ee728b)
Start importing Assets/Sunnyland/artwork/Environment/tileset-sliced_25.asset using Guid(463c9aa0e21ec0848bc3b01c9c6ea00c) Importer(815301076,1909f56bfc062723c751e8b465ee728b)  -> (artifact id: '258bd7e574d7aadd6981f01a12e10c65') in 0.089420 seconds
  Import took 0.098030 seconds .

========================================================================
Received Import Request.
  Time since last request: 0.000425 seconds.
  path: Assets/Sunnyland/artwork/Environment/tileset-sliced_17.asset
  artifactKey: Guid(eb8bdb08b6c303c4d9d7f8fab702fa3d) Importer(815301076,1909f56bfc062723c751e8b465ee728b)
Start importing Assets/Sunnyland/artwork/Environment/tileset-sliced_17.asset using Guid(eb8bdb08b6c303c4d9d7f8fab702fa3d) Importer(815301076,1909f56bfc062723c751e8b465ee728b)  -> (artifact id: '6f00d1ef108c9d81947f28947e255fc3') in 0.092332 seconds
  Import took 0.098606 seconds .

========================================================================
Received Import Request.
  Time since last request: 0.000425 seconds.
  path: Assets/Sunnyland/artwork/Environment/tileset-sliced_9.asset
  artifactKey: Guid(07caba8d6e172e543ab1978422103ef4) Importer(815301076,1909f56bfc062723c751e8b465ee728b)
Start importing Assets/Sunnyland/artwork/Environment/tileset-sliced_9.asset using Guid(07caba8d6e172e543ab1978422103ef4) Importer(815301076,1909f56bfc062723c751e8b465ee728b)  -> (artifact id: '5db929d45bfd9ef877b3bea50585c4ec') in 0.116828 seconds
  Import took 0.122613 seconds .

========================================================================
Received Import Request.
  Time since last request: 0.000420 seconds.
  path: Assets/Sunnyland/artwork/Environment/tileset-sliced_20.asset
  artifactKey: Guid(b4d3d2776966c634b8e7488129739674) Importer(815301076,1909f56bfc062723c751e8b465ee728b)
Start importing Assets/Sunnyland/artwork/Environment/tileset-sliced_20.asset using Guid(b4d3d2776966c634b8e7488129739674) Importer(815301076,1909f56bfc062723c751e8b465ee728b)  -> (artifact id: '1708c051688a89edf29b617f23d03896') in 0.090045 seconds
  Import took 0.097764 seconds .

========================================================================
Received Import Request.
  Time since last request: 0.000445 seconds.
  path: Assets/Sunnyland/artwork/Environment/tileset-sliced_27.asset
  artifactKey: Guid(9646262a88d927e4e99f0660b48205f5) Importer(815301076,1909f56bfc062723c751e8b465ee728b)
Start importing Assets/Sunnyland/artwork/Environment/tileset-sliced_27.asset using Guid(9646262a88d927e4e99f0660b48205f5) Importer(815301076,1909f56bfc062723c751e8b465ee728b)  -> (artifact id: '1c37b0417a1c7493150034efbafe0ab3') in 0.124126 seconds
  Import took 0.130728 seconds .

========================================================================
Received Import Request.
  Time since last request: 0.000396 seconds.
  path: Assets/Sunnyland/artwork/Environment/tileset-sliced_31.asset
  artifactKey: Guid(d7fd96d029e1e7b49a89f782b9a5d4fc) Importer(815301076,1909f56bfc062723c751e8b465ee728b)
Start importing Assets/Sunnyland/artwork/Environment/tileset-sliced_31.asset using Guid(d7fd96d029e1e7b49a89f782b9a5d4fc) Importer(815301076,1909f56bfc062723c751e8b465ee728b)  -> (artifact id: 'fa4dce88d0cacf148142e03e01b81c0c') in 0.112677 seconds
  Import took 0.119988 seconds .

========================================================================
Received Import Request.
  Time since last request: 0.000545 seconds.
  path: Assets/Sunnyland/artwork/Environment/tileset-sliced_34.asset
  artifactKey: Guid(1b6f2d96a02e76e43a240bfc5166f2eb) Importer(815301076,1909f56bfc062723c751e8b465ee728b)
Start importing Assets/Sunnyland/artwork/Environment/tileset-sliced_34.asset using Guid(1b6f2d96a02e76e43a240bfc5166f2eb) Importer(815301076,1909f56bfc062723c751e8b465ee728b)  -> (artifact id: '2332b62f5b61f1891813cdafb92db0cb') in 0.117808 seconds
  Import took 0.125582 seconds .

========================================================================
Received Import Request.
  Time since last request: 0.000465 seconds.
  path: Assets/Sunnyland/artwork/Environment/tileset-sliced_3.asset
  artifactKey: Guid(95f605d57fcffe34693beeae029b9acb) Importer(815301076,1909f56bfc062723c751e8b465ee728b)
Start importing Assets/Sunnyland/artwork/Environment/tileset-sliced_3.asset using Guid(95f605d57fcffe34693beeae029b9acb) Importer(815301076,1909f56bfc062723c751e8b465ee728b)  -> (artifact id: '72185315f1b92bc5a24c01bb56580f48') in 0.108986 seconds
  Import took 0.116740 seconds .

========================================================================
Received Import Request.
  Time since last request: 0.000470 seconds.
  path: Assets/Sunnyland/artwork/Environment/tileset-sliced_33.asset
  artifactKey: Guid(01cd2c2a2b848d8438cc7f5dfe4f1a2c) Importer(815301076,1909f56bfc062723c751e8b465ee728b)
Start importing Assets/Sunnyland/artwork/Environment/tileset-sliced_33.asset using Guid(01cd2c2a2b848d8438cc7f5dfe4f1a2c) Importer(815301076,1909f56bfc062723c751e8b465ee728b)  -> (artifact id: 'aba69b8a33bb421d79d3462f134aee69') in 0.113678 seconds
  Import took 0.121417 seconds .

========================================================================
Received Import Request.
  Time since last request: 0.000456 seconds.
  path: Assets/Sunnyland/artwork/Environment/tileset-sliced_28.asset
  artifactKey: Guid(2cc338b7c3a18a14f89e5cdb2dcaef63) Importer(815301076,1909f56bfc062723c751e8b465ee728b)
Start importing Assets/Sunnyland/artwork/Environment/tileset-sliced_28.asset using Guid(2cc338b7c3a18a14f89e5cdb2dcaef63) Importer(815301076,1909f56bfc062723c751e8b465ee728b)  -> (artifact id: '9fd39274f186b6ef558ddeb28f7cff5a') in 0.105497 seconds
  Import took 0.112977 seconds .

========================================================================
Received Import Request.
  Time since last request: 0.000463 seconds.
  path: Assets/Sunnyland/artwork/Environment/tileset-sliced_10.asset
  artifactKey: Guid(79c5fd36d8c12f04cbd68a5442bca987) Importer(815301076,1909f56bfc062723c751e8b465ee728b)
Start importing Assets/Sunnyland/artwork/Environment/tileset-sliced_10.asset using Guid(79c5fd36d8c12f04cbd68a5442bca987) Importer(815301076,1909f56bfc062723c751e8b465ee728b)  -> (artifact id: '9d5340189c972f443a2e3d0d9fb04d89') in 0.108250 seconds
  Import took 0.115645 seconds .

========================================================================
Received Import Request.
  Time since last request: 0.000543 seconds.
  path: Assets/Sunnyland/artwork/Environment/tileset-sliced_22.asset
  artifactKey: Guid(ea34e6cd992a1a34a8ed0c7f915d385d) Importer(815301076,1909f56bfc062723c751e8b465ee728b)
Start importing Assets/Sunnyland/artwork/Environment/tileset-sliced_22.asset using Guid(ea34e6cd992a1a34a8ed0c7f915d385d) Importer(815301076,1909f56bfc062723c751e8b465ee728b)  -> (artifact id: 'c19a5711fbc093f971266cb1b8f7355e') in 0.101558 seconds
  Import took 0.111777 seconds .

========================================================================
Received Import Request.
  Time since last request: 0.000529 seconds.
  path: Assets/Sunnyland/artwork/Environment/tileset-sliced_8.asset
  artifactKey: Guid(80897c1ee23603c4e953665b9f1c4200) Importer(815301076,1909f56bfc062723c751e8b465ee728b)
Start importing Assets/Sunnyland/artwork/Environment/tileset-sliced_8.asset using Guid(80897c1ee23603c4e953665b9f1c4200) Importer(815301076,1909f56bfc062723c751e8b465ee728b)  -> (artifact id: '558956bd00f59c290612d63c06246519') in 0.106065 seconds
  Import took 0.117104 seconds .

========================================================================
Received Import Request.
  Time since last request: 0.000458 seconds.
  path: Assets/Sunnyland/artwork/Environment/tileset-sliced_0.asset
  artifactKey: Guid(a85e7879774db3c41a58d28f314a4dad) Importer(815301076,1909f56bfc062723c751e8b465ee728b)
Start importing Assets/Sunnyland/artwork/Environment/tileset-sliced_0.asset using Guid(a85e7879774db3c41a58d28f314a4dad) Importer(815301076,1909f56bfc062723c751e8b465ee728b)  -> (artifact id: 'a08cf381c74daa9ed10af912eb38db33') in 0.136642 seconds
  Import took 0.143097 seconds .

========================================================================
Received Import Request.
  Time since last request: 0.000482 seconds.
  path: Assets/Sunnyland/artwork/Environment/tileset-sliced_4.asset
  artifactKey: Guid(b9825be02166f8d49b41aa16f83ec873) Importer(815301076,1909f56bfc062723c751e8b465ee728b)
Start importing Assets/Sunnyland/artwork/Environment/tileset-sliced_4.asset using Guid(b9825be02166f8d49b41aa16f83ec873) Importer(815301076,1909f56bfc062723c751e8b465ee728b)  -> (artifact id: '9d84b7140ad3a9886f98b26d702a2a81') in 0.088423 seconds
  Import took 0.094517 seconds .

========================================================================
Received Import Request.
  Time since last request: 0.000418 seconds.
  path: Assets/Sunnyland/artwork/Environment/tileset-sliced_7.asset
  artifactKey: Guid(b1ef20f5c8c1af64d9572acc0be76660) Importer(815301076,1909f56bfc062723c751e8b465ee728b)
Start importing Assets/Sunnyland/artwork/Environment/tileset-sliced_7.asset using Guid(b1ef20f5c8c1af64d9572acc0be76660) Importer(815301076,1909f56bfc062723c751e8b465ee728b)  -> (artifact id: '7b93181b0ff4eb2685dec3ff08ec0aa7') in 0.090507 seconds
  Import took 0.096193 seconds .

========================================================================
Received Import Request.
  Time since last request: 0.000461 seconds.
  path: Assets/Sunnyland/artwork/Environment/tileset-sliced_6.asset
  artifactKey: Guid(80c5dac68b2a44b48836adf608c466d3) Importer(815301076,1909f56bfc062723c751e8b465ee728b)
Start importing Assets/Sunnyland/artwork/Environment/tileset-sliced_6.asset using Guid(80c5dac68b2a44b48836adf608c466d3) Importer(815301076,1909f56bfc062723c751e8b465ee728b)  -> (artifact id: '493f910e96358659de8c77a86d967eff') in 0.088242 seconds
  Import took 0.094978 seconds .

========================================================================
Received Import Request.
  Time since last request: 0.000390 seconds.
  path: Assets/Sunnyland/artwork/Environment/tileset-sliced_35.asset
  artifactKey: Guid(bc7fc6d1aa680df4f8f5dd5e9aaa23d6) Importer(815301076,1909f56bfc062723c751e8b465ee728b)
Start importing Assets/Sunnyland/artwork/Environment/tileset-sliced_35.asset using Guid(bc7fc6d1aa680df4f8f5dd5e9aaa23d6) Importer(815301076,1909f56bfc062723c751e8b465ee728b)  -> (artifact id: 'fa4e32974005944e46d402a494d1282c') in 0.098205 seconds
  Import took 0.104731 seconds .

========================================================================
Received Import Request.
  Time since last request: 0.000481 seconds.
  path: Assets/Sunnyland/artwork/Environment/tileset-sliced_37.asset
  artifactKey: Guid(b430ba20e231260419ae0f066c605068) Importer(815301076,1909f56bfc062723c751e8b465ee728b)
Start importing Assets/Sunnyland/artwork/Environment/tileset-sliced_37.asset using Guid(b430ba20e231260419ae0f066c605068) Importer(815301076,1909f56bfc062723c751e8b465ee728b)  -> (artifact id: '20bb5f54566ded9657e353e563484ea2') in 0.094264 seconds
  Import took 0.101416 seconds .

========================================================================
Received Import Request.
  Time since last request: 0.000544 seconds.
  path: Assets/Sunnyland/artwork/Environment/tileset-sliced_21.asset
  artifactKey: Guid(54f534e20cf7500429e381c9e66f572e) Importer(815301076,1909f56bfc062723c751e8b465ee728b)
Start importing Assets/Sunnyland/artwork/Environment/tileset-sliced_21.asset using Guid(54f534e20cf7500429e381c9e66f572e) Importer(815301076,1909f56bfc062723c751e8b465ee728b)  -> (artifact id: 'e68727013ae651075dbb77daf6cfe9f5') in 0.088721 seconds
  Import took 0.097921 seconds .

========================================================================
Received Import Request.
  Time since last request: 0.000447 seconds.
  path: Assets/Sunnyland/artwork/Environment/tileset-sliced_11.asset
  artifactKey: Guid(7cd2e81b51924134c9446f68000f096f) Importer(815301076,1909f56bfc062723c751e8b465ee728b)
Start importing Assets/Sunnyland/artwork/Environment/tileset-sliced_11.asset using Guid(7cd2e81b51924134c9446f68000f096f) Importer(815301076,1909f56bfc062723c751e8b465ee728b)  -> (artifact id: '063a973dd8b07726a6bdd3fff46ef65f') in 0.085104 seconds
  Import took 0.093369 seconds .

========================================================================
Received Import Request.
  Time since last request: 0.000481 seconds.
  path: Assets/Sunnyland/artwork/Environment/tileset-sliced_2.asset
  artifactKey: Guid(d363d2cde289a704b9c58579001122d3) Importer(815301076,1909f56bfc062723c751e8b465ee728b)
Start importing Assets/Sunnyland/artwork/Environment/tileset-sliced_2.asset using Guid(d363d2cde289a704b9c58579001122d3) Importer(815301076,1909f56bfc062723c751e8b465ee728b)  -> (artifact id: '4176bfb6facb0fe1fb5709f4f71f8b02') in 0.098157 seconds
  Import took 0.104863 seconds .

========================================================================
Received Import Request.
  Time since last request: 0.000406 seconds.
  path: Assets/Sunnyland/artwork/Environment/tileset-sliced_23.asset
  artifactKey: Guid(769b596e6f69c99459aa9b283bb8a7c3) Importer(815301076,1909f56bfc062723c751e8b465ee728b)
Start importing Assets/Sunnyland/artwork/Environment/tileset-sliced_23.asset using Guid(769b596e6f69c99459aa9b283bb8a7c3) Importer(815301076,1909f56bfc062723c751e8b465ee728b)  -> (artifact id: '8bed34554a42413a31e385c6e66e3ba3') in 0.088439 seconds
  Import took 0.094974 seconds .

========================================================================
Received Import Request.
  Time since last request: 0.000455 seconds.
  path: Assets/Sunnyland/artwork/Environment/tileset-sliced_18.asset
  artifactKey: Guid(0043dfbf501691143889ab40a56cad70) Importer(815301076,1909f56bfc062723c751e8b465ee728b)
Start importing Assets/Sunnyland/artwork/Environment/tileset-sliced_18.asset using Guid(0043dfbf501691143889ab40a56cad70) Importer(815301076,1909f56bfc062723c751e8b465ee728b)  -> (artifact id: 'ad760ed7522eca500d5ee10e68f709c0') in 0.102814 seconds
  Import took 0.109554 seconds .

========================================================================
Received Import Request.
  Time since last request: 0.000537 seconds.
  path: Assets/Sunnyland/artwork/Environment/tileset-sliced_38.asset
  artifactKey: Guid(b8b04f96f4caafd4b92c648ff7fffcb3) Importer(815301076,1909f56bfc062723c751e8b465ee728b)
Start importing Assets/Sunnyland/artwork/Environment/tileset-sliced_38.asset using Guid(b8b04f96f4caafd4b92c648ff7fffcb3) Importer(815301076,1909f56bfc062723c751e8b465ee728b)  -> (artifact id: '77981be83411f10d09d20cc078117cbb') in 0.096625 seconds
  Import took 0.103885 seconds .

========================================================================
Received Import Request.
  Time since last request: 0.000472 seconds.
  path: Assets/Sunnyland/artwork/Environment/tileset-sliced_39.asset
  artifactKey: Guid(0f18ee9a7aba91741b51cc2cf6e5ea02) Importer(815301076,1909f56bfc062723c751e8b465ee728b)
Start importing Assets/Sunnyland/artwork/Environment/tileset-sliced_39.asset using Guid(0f18ee9a7aba91741b51cc2cf6e5ea02) Importer(815301076,1909f56bfc062723c751e8b465ee728b)  -> (artifact id: 'fb72778c4c8427c975e91d6c75ba0634') in 0.100355 seconds
  Import took 0.107138 seconds .

========================================================================
Received Import Request.
  Time since last request: 0.000360 seconds.
  path: Assets/Sunnyland/artwork/Environment/tileset-sliced_19.asset
  artifactKey: Guid(774ae1465b0175e4c872cc5b34c3b79e) Importer(815301076,1909f56bfc062723c751e8b465ee728b)
Start importing Assets/Sunnyland/artwork/Environment/tileset-sliced_19.asset using Guid(774ae1465b0175e4c872cc5b34c3b79e) Importer(815301076,1909f56bfc062723c751e8b465ee728b)  -> (artifact id: '8012117505abec859d925fc204e0baae') in 0.089529 seconds
  Import took 0.096057 seconds .

========================================================================
Received Import Request.
  Time since last request: 0.000412 seconds.
  path: Assets/Sunnyland/artwork/Environment/tileset-sliced_41.asset
  artifactKey: Guid(ee3b84ca46f3bcf40b8bbd52ea7d81d5) Importer(815301076,1909f56bfc062723c751e8b465ee728b)
Start importing Assets/Sunnyland/artwork/Environment/tileset-sliced_41.asset using Guid(ee3b84ca46f3bcf40b8bbd52ea7d81d5) Importer(815301076,1909f56bfc062723c751e8b465ee728b)  -> (artifact id: '668c0388598d17707f2be514a8d53536') in 0.119959 seconds
  Import took 0.127339 seconds .

========================================================================
Received Import Request.
  Time since last request: 0.000549 seconds.
  path: Assets/Sunnyland/artwork/Environment/tileset-sliced.png
  artifactKey: Guid(261212b977f594d5dbc48631a5c1295c) Importer(815301076,1909f56bfc062723c751e8b465ee728b)
Start importing Assets/Sunnyland/artwork/Environment/tileset-sliced.png using Guid(261212b977f594d5dbc48631a5c1295c) Importer(815301076,1909f56bfc062723c751e8b465ee728b)  -> (artifact id: 'cf07dea0a7a09440cf32e3e038729809') in 0.849284 seconds
  Import took 0.859362 seconds .

========================================================================
Received Import Request.
  Time since last request: 0.000537 seconds.
  path: Assets/Sunnyland/artwork/Environment/middle.png
  artifactKey: Guid(de41d366c687a46beb6a9acaa88c12db) Importer(815301076,1909f56bfc062723c751e8b465ee728b)
Start importing Assets/Sunnyland/artwork/Environment/middle.png using Guid(de41d366c687a46beb6a9acaa88c12db) Importer(815301076,1909f56bfc062723c751e8b465ee728b)  -> (artifact id: '9b955fce259b73a3dddb7f875b151ab9') in 0.128709 seconds
  Import took 0.136902 seconds .

========================================================================
Received Import Request.
  Time since last request: 0.000537 seconds.
  path: Assets/Sunnyland/artwork/Environment/tileset-sliced_16.asset
  artifactKey: Guid(98904a0001d7f0b40af90c88078fda05) Importer(815301076,1909f56bfc062723c751e8b465ee728b)
Start importing Assets/Sunnyland/artwork/Environment/tileset-sliced_16.asset using Guid(98904a0001d7f0b40af90c88078fda05) Importer(815301076,1909f56bfc062723c751e8b465ee728b)  -> (artifact id: '47ac831428f386a8d1fe0026618b464e') in 0.109511 seconds
  Import took 0.117410 seconds .

========================================================================
Received Import Request.
  Time since last request: 0.000472 seconds.
  path: Assets/Sunnyland/artwork/Environment/tileset-sliced_1.asset
  artifactKey: Guid(89ad9a7b9e1c363418c87629034cc17b) Importer(815301076,1909f56bfc062723c751e8b465ee728b)
Start importing Assets/Sunnyland/artwork/Environment/tileset-sliced_1.asset using Guid(89ad9a7b9e1c363418c87629034cc17b) Importer(815301076,1909f56bfc062723c751e8b465ee728b)  -> (artifact id: 'ada83f0c95c552f9499f6c47f1c73d41') in 0.093992 seconds
  Import took 0.102167 seconds .

========================================================================
Received Import Request.
  Time since last request: 0.000540 seconds.
  path: Assets/Sunnyland/artwork/Environment/tileset-sliced_13.asset
  artifactKey: Guid(f8d82c2915175cf468f870e41fc2e141) Importer(815301076,1909f56bfc062723c751e8b465ee728b)
Start importing Assets/Sunnyland/artwork/Environment/tileset-sliced_13.asset using Guid(f8d82c2915175cf468f870e41fc2e141) Importer(815301076,1909f56bfc062723c751e8b465ee728b)  -> (artifact id: 'e553585ff1bb77c9acb19d2af9de29ea') in 0.084931 seconds
  Import took 0.095704 seconds .

========================================================================
Received Import Request.
  Time since last request: 0.000495 seconds.
  path: Assets/Sunnyland/artwork/Environment/tileset-sliced_30.asset
  artifactKey: Guid(2dc74a9447500c74c8802057829c7d51) Importer(815301076,1909f56bfc062723c751e8b465ee728b)
Start importing Assets/Sunnyland/artwork/Environment/tileset-sliced_30.asset using Guid(2dc74a9447500c74c8802057829c7d51) Importer(815301076,1909f56bfc062723c751e8b465ee728b)  -> (artifact id: '4d4307c403d6df306944057ac37ff033') in 0.086399 seconds
  Import took 0.094803 seconds .

========================================================================
Received Import Request.
  Time since last request: 0.000430 seconds.
  path: Assets/Sunnyland/artwork/Environment/tileset-sliced_40.asset
  artifactKey: Guid(209be2ea82cd40d4ba8efd4e7bd5b739) Importer(815301076,1909f56bfc062723c751e8b465ee728b)
Start importing Assets/Sunnyland/artwork/Environment/tileset-sliced_40.asset using Guid(209be2ea82cd40d4ba8efd4e7bd5b739) Importer(815301076,1909f56bfc062723c751e8b465ee728b)  -> (artifact id: 'ea5f41c5b24aa09760e03238b670b394') in 0.129216 seconds
  Import took 0.137350 seconds .

========================================================================
Received Import Request.
  Time since last request: 0.000478 seconds.
  path: Assets/Sunnyland/artwork/Environment/tileset-sliced_26.asset
  artifactKey: Guid(11838906aa525204bad5685dc27c2a25) Importer(815301076,1909f56bfc062723c751e8b465ee728b)
Start importing Assets/Sunnyland/artwork/Environment/tileset-sliced_26.asset using Guid(11838906aa525204bad5685dc27c2a25) Importer(815301076,1909f56bfc062723c751e8b465ee728b)  -> (artifact id: 'e4b5a133a3826448353fd2ea1d158b6e') in 0.079795 seconds
  Import took 0.087127 seconds .

========================================================================
Received Import Request.
  Time since last request: 0.000461 seconds.
  path: Assets/Sunnyland/artwork/Environment/tileset-sliced_15.asset
  artifactKey: Guid(95f080f8259c44140a840abdd01eb048) Importer(815301076,1909f56bfc062723c751e8b465ee728b)
Start importing Assets/Sunnyland/artwork/Environment/tileset-sliced_15.asset using Guid(95f080f8259c44140a840abdd01eb048) Importer(815301076,1909f56bfc062723c751e8b465ee728b)  -> (artifact id: 'f18983972c768dcb82701c6a109deba1') in 0.092687 seconds
  Import took 0.099843 seconds .

========================================================================
Received Import Request.
  Time since last request: 0.000356 seconds.
  path: Assets/Sunnyland/artwork/Environment/tileset-sliced_14.asset
  artifactKey: Guid(612c6bf3385eeb14880974f25b18dead) Importer(815301076,1909f56bfc062723c751e8b465ee728b)
Start importing Assets/Sunnyland/artwork/Environment/tileset-sliced_14.asset using Guid(612c6bf3385eeb14880974f25b18dead) Importer(815301076,1909f56bfc062723c751e8b465ee728b)  -> (artifact id: 'e08019945d6de010379109a5b78dd5ef') in 0.095951 seconds
  Import took 0.106999 seconds .

========================================================================
Received Import Request.
  Time since last request: 0.000498 seconds.
  path: Assets/Sunnyland/artwork/Environment/tileset-sliced_42.asset
  artifactKey: Guid(f0c24dd83742ef04b817893cf888a85c) Importer(815301076,1909f56bfc062723c751e8b465ee728b)
Start importing Assets/Sunnyland/artwork/Environment/tileset-sliced_42.asset using Guid(f0c24dd83742ef04b817893cf888a85c) Importer(815301076,1909f56bfc062723c751e8b465ee728b)  -> (artifact id: 'c85fe1279cf901e7cb8aa3db2b795631') in 0.082888 seconds
  Import took 0.091856 seconds .

========================================================================
Received Import Request.
  Time since last request: 0.000425 seconds.
  path: Assets/Sunnyland/artwork/Environment/tileset-sliced_24.asset
  artifactKey: Guid(a0693fb6ef977044fa3d55883dde5d17) Importer(815301076,1909f56bfc062723c751e8b465ee728b)
Start importing Assets/Sunnyland/artwork/Environment/tileset-sliced_24.asset using Guid(a0693fb6ef977044fa3d55883dde5d17) Importer(815301076,1909f56bfc062723c751e8b465ee728b)  -> (artifact id: 'd6db87aed4e9c00787766ae35a7e36b9') in 0.082196 seconds
  Import took 0.088852 seconds .

========================================================================
Received Import Request.
  Time since last request: 0.000439 seconds.
  path: Assets/Sunnyland/artwork/Environment/tileset-sliced_43.asset
  artifactKey: Guid(dd9e648ec9457104393f30c66f71b84b) Importer(815301076,1909f56bfc062723c751e8b465ee728b)
Start importing Assets/Sunnyland/artwork/Environment/tileset-sliced_43.asset using Guid(dd9e648ec9457104393f30c66f71b84b) Importer(815301076,1909f56bfc062723c751e8b465ee728b)  -> (artifact id: '9b340c3446eeed0255876b40ff98fa9b') in 0.088513 seconds
  Import took 0.094271 seconds .

========================================================================
Received Import Request.
  Time since last request: 247.558444 seconds.
  path: Assets
  artifactKey: Guid(00000000000000001000000000000000) Importer(815301076,1909f56bfc062723c751e8b465ee728b)
Start importing Assets using Guid(00000000000000001000000000000000) Importer(815301076,1909f56bfc062723c751e8b465ee728b)  -> (artifact id: 'e4856052512617ee48189cf1d7999900') in 0.047325 seconds
  Import took 0.055968 seconds .

========================================================================
Received Prepare
Registering precompiled user dll's ...
Registered in 0.002080 seconds.
Begin MonoManager ReloadAssembly
Native extension for WindowsStandalone target not found
Native extension for WebGL target not found
Refreshing native plugins compatible for Editor in 0.95 ms, found 1 plugins.
Preloading 0 native plugins for Editor in 0.00 ms.
Mono: successfully reloaded assembly
- Completed reload, in  1.870 seconds
Platform modules already initialized, skipping
Refreshing native plugins compatible for Editor in 0.87 ms, found 1 plugins.
Preloading 0 native plugins for Editor in 0.00 ms.
Unloading 1803 Unused Serialized files (Serialized files now loaded: 0)
System memory in use before: 88.1 MB.
System memory in use after: 88.1 MB.

Unloading 12 unused Assets to reduce memory usage. Loaded Objects now: 2267.
Total: 6.148900 ms (FindLiveObjects: 0.727600 ms CreateObjectMapping: 0.221200 ms MarkObjects: 4.905300 ms  DeleteObjects: 0.291600 ms)

========================================================================
Received Import Request.
  Time since last request: 34.877596 seconds.
  path: Assets/Script/PlayerScript
  artifactKey: Guid(1689a82a79db2b24b8f942b8e2b315a1) Importer(815301076,1909f56bfc062723c751e8b465ee728b)
Start importing Assets/Script/PlayerScript using Guid(1689a82a79db2b24b8f942b8e2b315a1) Importer(815301076,1909f56bfc062723c751e8b465ee728b)  -> (artifact id: '019a322dfe7f145e42082c31e839bf31') in 0.049263 seconds
  Import took 0.056764 seconds .

========================================================================
Received Import Request.
  Time since last request: 6.393030 seconds.
  path: Assets/Script/PlayerScript/PlayerMovement.cs
  artifactKey: Guid(512df0bcc25d1584fb7dc80a1ec1dd74) Importer(815301076,1909f56bfc062723c751e8b465ee728b)
Start importing Assets/Script/PlayerScript/PlayerMovement.cs using Guid(512df0bcc25d1584fb7dc80a1ec1dd74) Importer(815301076,1909f56bfc062723c751e8b465ee728b)  -> (artifact id: 'cefac8aee5522d1011d722026635dd2f') in 0.092221 seconds
  Import took 0.100219 seconds .

========================================================================
Received Prepare
Registering precompiled user dll's ...
Registered in 0.002468 seconds.
Begin MonoManager ReloadAssembly
Native extension for WindowsStandalone target not found
Native extension for WebGL target not found
Refreshing native plugins compatible for Editor in 0.91 ms, found 1 plugins.
Preloading 0 native plugins for Editor in 0.00 ms.
Mono: successfully reloaded assembly
- Completed reload, in  2.101 seconds
Platform modules already initialized, skipping
Refreshing native plugins compatible for Editor in 0.85 ms, found 1 plugins.
Preloading 0 native plugins for Editor in 0.00 ms.
Unloading 1804 Unused Serialized files (Serialized files now loaded: 0)
System memory in use before: 88.1 MB.
System memory in use after: 88.1 MB.

Unloading 12 unused Assets to reduce memory usage. Loaded Objects now: 2272.
Total: 5.444500 ms (FindLiveObjects: 0.595800 ms CreateObjectMapping: 0.148400 ms MarkObjects: 4.425600 ms  DeleteObjects: 0.272100 ms)

